Watching for file changes with StatReloader
[20/Jan/2025 01:02:57] "GET /pedigree/about/ HTTP/1.1" 200 5239
[20/Jan/2025 01:03:05] "GET / HTTP/1.1" 200 4017
[20/Jan/2025 01:03:06] "GET /pedigree/goat-profiles/ HTTP/1.1" 200 7741
[20/Jan/2025 01:03:07] "GET /pedigree/pedigree-charts/ HTTP/1.1" 200 5575
[20/Jan/2025 01:03:08] "GET /pedigree/reports/ HTTP/1.1" 200 5503
[20/Jan/2025 01:03:09] "GET /admin/ HTTP/1.1" 200 7908
[20/Jan/2025 01:03:11] "GET / HTTP/1.1" 200 4017
[20/Jan/2025 01:03:12] "GET /pedigree/about/ HTTP/1.1" 200 5239
[20/Jan/2025 01:06:47] "GET / HTTP/1.1" 200 4017
[20/Jan/2025 01:06:51] "GET / HTTP/1.1" 200 4017
[20/Jan/2025 01:06:57] "GET /pedigree/goat-profiles/ HTTP/1.1" 200 7741
[20/Jan/2025 01:07:00] "GET /pedigree/pedigree-charts/ HTTP/1.1" 200 5575
[20/Jan/2025 01:07:04] "GET /pedigree/pedigree-charts/?goat_id=007 HTTP/1.1" 200 5849
[20/Jan/2025 01:07:08] "GET /pedigree/reports/ HTTP/1.1" 200 5503
[20/Jan/2025 01:07:14] "GET /admin/ HTTP/1.1" 200 7908
[20/Jan/2025 01:07:16] "GET / HTTP/1.1" 200 4017
[20/Jan/2025 01:07:17] "GET /pedigree/about/ HTTP/1.1" 200 5239
[20/Jan/2025 01:07:23] "GET / HTTP/1.1" 200 4017
[20/Jan/2025 01:51:23] "GET / HTTP/1.1" 200 4052
[20/Jan/2025 01:51:23] "GET /static/pedigree/css/styles.css HTTP/1.1" 200 5577
[20/Jan/2025 01:51:23] "GET /static/pedigree/img/logo.webp HTTP/1.1" 200 139242
[20/Jan/2025 01:51:23] "GET /static/pedigree/img/database.png HTTP/1.1" 200 54579
[20/Jan/2025 01:51:23] "GET /static/pedigree/favicon/favicon-32x32.png HTTP/1.1" 200 2381
[20/Jan/2025 01:51:23] "GET /static/pedigree/favicon/site.webmanifest HTTP/1.1" 200 263
[20/Jan/2025 01:51:45] "GET /admin/ HTTP/1.1" 302 0
[20/Jan/2025 01:51:45] "GET /admin/login/?next=/admin/ HTTP/1.1" 200 2214
[20/Jan/2025 01:51:46] "GET /static/admin/css/base.css HTTP/1.1" 200 19513
[20/Jan/2025 01:51:46] "GET /static/admin/css/nav_sidebar.css HTTP/1.1" 200 2271
[20/Jan/2025 01:51:46] "GET /static/admin/css/login.css HTTP/1.1" 200 939
[20/Jan/2025 01:51:46] "GET /static/admin/css/responsive.css HTTP/1.1" 200 18545
[20/Jan/2025 01:51:46] "GET /static/admin/js/nav_sidebar.js HTTP/1.1" 200 1360
[20/Jan/2025 01:51:46] "GET /static/admin/css/fonts.css HTTP/1.1" 200 423
[20/Jan/2025 01:51:46] "GET /static/admin/fonts/Roboto-Regular-webfont.woff HTTP/1.1" 200 85876
[20/Jan/2025 01:51:46] "GET /static/admin/fonts/Roboto-Light-webfont.woff HTTP/1.1" 200 85692
Not Found: /favicon.ico
[20/Jan/2025 01:51:46] "GET /favicon.ico HTTP/1.1" 404 2587
[20/Jan/2025 01:52:04] "POST /admin/login/?next=/admin/ HTTP/1.1" 302 0
[20/Jan/2025 01:52:05] "GET /admin/ HTTP/1.1" 200 7908
[20/Jan/2025 01:52:05] "GET /static/admin/img/icon-changelink.svg HTTP/1.1" 200 380
[20/Jan/2025 01:52:05] "GET /static/admin/css/dashboard.css HTTP/1.1" 200 380
[20/Jan/2025 01:52:05] "GET /static/admin/img/icon-addlink.svg HTTP/1.1" 200 331
[20/Jan/2025 01:52:05] "GET /static/admin/fonts/Roboto-Bold-webfont.woff HTTP/1.1" 200 86184
[20/Jan/2025 02:28:30] "GET / HTTP/1.1" 200 4017
[20/Jan/2025 02:28:30] "GET /static/pedigree/css/styles.css HTTP/1.1" 304 0
[20/Jan/2025 02:28:33] "GET /pedigree/goat-profiles/ HTTP/1.1" 200 7741
[20/Jan/2025 02:28:35] "GET /pedigree/pedigree-charts/ HTTP/1.1" 200 5575
[20/Jan/2025 02:28:37] "GET /pedigree/reports/ HTTP/1.1" 200 5503
[20/Jan/2025 02:28:37] "GET /admin/ HTTP/1.1" 200 7908
[20/Jan/2025 02:28:40] "GET / HTTP/1.1" 200 4017
[20/Jan/2025 02:28:41] "GET /pedigree/about/ HTTP/1.1" 200 5239
[20/Jan/2025 02:28:41] "GET /static/pedigree/img/Luc-Dossa.png HTTP/1.1" 304 0
[20/Jan/2025 02:28:41] "GET /static/pedigree/img/IBI.jpg HTTP/1.1" 304 0
[20/Jan/2025 02:28:41] "GET /static/pedigree/img/lucas.jpg HTTP/1.1" 304 0
[20/Jan/2025 02:28:53] "GET / HTTP/1.1" 200 4017
[20/Jan/2025 02:28:56] "GET /pedigree/goat-profiles/ HTTP/1.1" 200 7741
[20/Jan/2025 02:29:23] "GET / HTTP/1.1" 200 4052
[20/Jan/2025 02:29:23] "GET /static/pedigree/favicon/site.webmanifest HTTP/1.1" 200 263
[20/Jan/2025 02:29:23] "GET /static/pedigree/img/logo.webp HTTP/1.1" 200 139242
[20/Jan/2025 02:29:23] "GET /static/pedigree/css/styles.css HTTP/1.1" 200 5577
[20/Jan/2025 02:29:23] "GET /static/pedigree/img/database.png HTTP/1.1" 200 54579
[20/Jan/2025 02:29:38] "GET / HTTP/1.1" 200 4052
[20/Jan/2025 02:29:41] "GET /pedigree/goat-profiles/ HTTP/1.1" 302 0
[20/Jan/2025 02:29:41] "GET /accounts/login/?next=/pedigree/goat-profiles/ HTTP/1.1" 200 2936
[20/Jan/2025 02:29:46] "GET /pedigree/pedigree-charts/ HTTP/1.1" 302 0
[20/Jan/2025 02:29:46] "GET /accounts/login/?next=/pedigree/pedigree-charts/ HTTP/1.1" 200 2936
[20/Jan/2025 02:29:48] "GET /pedigree/reports/ HTTP/1.1" 302 0
[20/Jan/2025 02:29:48] "GET /accounts/login/?next=/pedigree/reports/ HTTP/1.1" 200 2936
[20/Jan/2025 02:29:49] "GET /pedigree/about/ HTTP/1.1" 200 5274
[20/Jan/2025 02:29:49] "GET /static/pedigree/img/Luc-Dossa.png HTTP/1.1" 304 0
[20/Jan/2025 02:29:49] "GET /static/pedigree/img/IBI.jpg HTTP/1.1" 304 0
[20/Jan/2025 02:29:49] "GET /static/pedigree/img/lucas.jpg HTTP/1.1" 304 0
[20/Jan/2025 02:29:56] "GET / HTTP/1.1" 200 4052
[20/Jan/2025 02:30:55] "GET / HTTP/1.1" 200 4052
[20/Jan/2025 02:30:55] "GET /static/pedigree/favicon/site.webmanifest HTTP/1.1" 200 263
[20/Jan/2025 02:30:55] "GET /static/pedigree/css/styles.css HTTP/1.1" 200 5577
[20/Jan/2025 02:30:55] "GET /static/pedigree/img/logo.webp HTTP/1.1" 200 139242
[20/Jan/2025 02:30:56] "GET /static/pedigree/img/database.png HTTP/1.1" 200 54579
[20/Jan/2025 02:30:56] "GET /static/pedigree/favicon/apple-touch-icon.png HTTP/1.1" 200 50030
[20/Jan/2025 02:30:56] "GET /static/pedigree/favicon/favicon-32x32.png HTTP/1.1" 200 2381
[20/Jan/2025 02:31:02] "GET / HTTP/1.1" 200 4052
[20/Jan/2025 02:31:04] "GET /pedigree/goat-profiles/ HTTP/1.1" 302 0
[20/Jan/2025 02:31:04] "GET /accounts/login/?next=/pedigree/goat-profiles/ HTTP/1.1" 200 2936
[20/Jan/2025 02:31:07] "GET /pedigree/pedigree-charts/ HTTP/1.1" 302 0
[20/Jan/2025 02:31:07] "GET /accounts/login/?next=/pedigree/pedigree-charts/ HTTP/1.1" 200 2936
[20/Jan/2025 02:31:10] "GET /pedigree/reports/ HTTP/1.1" 302 0
[20/Jan/2025 02:31:10] "GET /accounts/login/?next=/pedigree/reports/ HTTP/1.1" 200 2936
[20/Jan/2025 02:31:12] "GET /pedigree/about/ HTTP/1.1" 200 5274
[20/Jan/2025 02:31:12] "GET /static/pedigree/img/IBI.jpg HTTP/1.1" 200 878626
[20/Jan/2025 02:31:12] "GET /static/pedigree/img/Luc-Dossa.png HTTP/1.1" 200 32859
[20/Jan/2025 02:31:12] "GET /static/pedigree/img/lucas.jpg HTTP/1.1" 200 2362749
[20/Jan/2025 02:31:40] "GET /pedigree/about/ HTTP/1.1" 200 5274
[20/Jan/2025 02:56:36] "GET /admin/ HTTP/1.1" 200 7908
[20/Jan/2025 02:56:36] "GET /static/admin/css/base.css HTTP/1.1" 304 0
[20/Jan/2025 02:56:36] "GET /static/admin/css/nav_sidebar.css HTTP/1.1" 304 0
[20/Jan/2025 02:56:37] "GET /static/admin/css/dashboard.css HTTP/1.1" 304 0
[20/Jan/2025 02:56:37] "GET /static/admin/css/responsive.css HTTP/1.1" 304 0
[20/Jan/2025 02:56:37] "GET /static/admin/css/fonts.css HTTP/1.1" 304 0
[20/Jan/2025 02:56:37] "GET /static/admin/js/nav_sidebar.js HTTP/1.1" 304 0
[20/Jan/2025 02:56:37] "GET /static/admin/img/icon-addlink.svg HTTP/1.1" 304 0
[20/Jan/2025 02:56:37] "GET /static/admin/img/icon-changelink.svg HTTP/1.1" 304 0
[20/Jan/2025 02:56:37] "GET /static/admin/fonts/Roboto-Light-webfont.woff HTTP/1.1" 304 0
[20/Jan/2025 02:56:37] "GET /static/admin/fonts/Roboto-Bold-webfont.woff HTTP/1.1" 304 0
[20/Jan/2025 02:56:37] "GET /static/admin/fonts/Roboto-Regular-webfont.woff HTTP/1.1" 304 0
[20/Jan/2025 02:56:39] "GET / HTTP/1.1" 200 4017
[20/Jan/2025 02:56:39] "GET /static/pedigree/img/database.png HTTP/1.1" 304 0
[20/Jan/2025 02:56:40] "GET /pedigree/about/ HTTP/1.1" 200 5239
[20/Jan/2025 02:56:45] "GET / HTTP/1.1" 200 4017
[20/Jan/2025 02:56:49] "GET /pedigree/goat-profiles/ HTTP/1.1" 200 7741
[20/Jan/2025 02:56:51] "GET /pedigree/pedigree-charts/ HTTP/1.1" 200 5575
[20/Jan/2025 02:56:52] "GET /pedigree/reports/ HTTP/1.1" 200 5503
[20/Jan/2025 02:56:53] "GET /admin/ HTTP/1.1" 200 7908
[20/Jan/2025 02:56:55] "GET / HTTP/1.1" 200 4017
[20/Jan/2025 02:56:56] "GET /pedigree/about/ HTTP/1.1" 200 5239
Not Found: /favicon.ico
[20/Jan/2025 03:18:39] "GET /favicon.ico HTTP/1.1" 404 2587
Not Found: /apple-touch-icon-precomposed.png
[20/Jan/2025 03:18:39] "GET /apple-touch-icon-precomposed.png HTTP/1.1" 404 2650
Not Found: /apple-touch-icon.png
[20/Jan/2025 03:18:40] "GET /apple-touch-icon.png HTTP/1.1" 404 2614
[20/Jan/2025 03:18:40] "GET /pedigree/about/ HTTP/1.1" 200 5274
[20/Jan/2025 03:18:40] "GET /static/pedigree/favicon/favicon-16x16.png HTTP/1.1" 200 726
[20/Jan/2025 03:18:40] "GET /static/pedigree/favicon/favicon-32x32.png HTTP/1.1" 200 2381
[20/Jan/2025 03:18:40] "GET /static/pedigree/favicon/apple-touch-icon.png HTTP/1.1" 200 50030
[20/Jan/2025 03:19:01] "GET /pedigree/about/ HTTP/1.1" 200 5274
[20/Jan/2025 03:19:01] "GET /static/pedigree/favicon/apple-touch-icon.png HTTP/1.1" 200 50030
[20/Jan/2025 03:19:08] "GET /pedigree/about/ HTTP/1.1" 200 5274
[20/Jan/2025 04:30:36] "GET / HTTP/1.1" 200 4017
[20/Jan/2025 04:30:36] "GET /static/pedigree/css/styles.css HTTP/1.1" 304 0
[20/Jan/2025 04:30:43] "GET / HTTP/1.1" 200 4017
[20/Jan/2025 04:30:44] "GET /pedigree/goat-profiles/ HTTP/1.1" 200 7741
[20/Jan/2025 04:30:47] "GET /pedigree/pedigree-charts/ HTTP/1.1" 200 5575
[20/Jan/2025 04:30:48] "GET /pedigree/reports/ HTTP/1.1" 200 5503
[20/Jan/2025 04:30:50] "GET /admin/ HTTP/1.1" 200 7908
[20/Jan/2025 04:30:51] "GET / HTTP/1.1" 200 4017
[20/Jan/2025 04:30:53] "GET /pedigree/about/ HTTP/1.1" 200 5239
[20/Jan/2025 04:31:28] "GET / HTTP/1.1" 200 4017
[20/Jan/2025 04:31:30] "GET /pedigree/goat-profiles/ HTTP/1.1" 200 7741
[20/Jan/2025 04:31:31] "GET /pedigree/pedigree-charts/ HTTP/1.1" 200 5575
[20/Jan/2025 04:31:32] "GET /pedigree/reports/ HTTP/1.1" 200 5503
[20/Jan/2025 04:31:32] "GET /admin/ HTTP/1.1" 200 7908
[20/Jan/2025 04:31:34] "GET / HTTP/1.1" 200 4017
[20/Jan/2025 04:31:36] "GET /pedigree/about/ HTTP/1.1" 200 5239
[20/Jan/2025 04:31:37] "GET / HTTP/1.1" 200 4017
[20/Jan/2025 04:31:46] "GET / HTTP/1.1" 200 4017
[20/Jan/2025 08:28:25] "GET / HTTP/1.1" 200 4052
[20/Jan/2025 08:28:25] "GET / HTTP/1.1" 200 4052
[20/Jan/2025 08:28:32] "GET / HTTP/1.1" 200 4017
[20/Jan/2025 08:28:33] "GET /static/pedigree/css/styles.css HTTP/1.1" 304 0
[20/Jan/2025 08:28:33] "GET /static/pedigree/img/logo.webp HTTP/1.1" 304 0
[20/Jan/2025 08:28:33] "GET /static/pedigree/img/database.png HTTP/1.1" 304 0
[20/Jan/2025 08:28:33] "GET /static/pedigree/favicon/site.webmanifest HTTP/1.1" 304 0
[20/Jan/2025 08:28:38] "GET / HTTP/1.1" 200 4017
[20/Jan/2025 08:28:40] "GET /pedigree/goat-profiles/ HTTP/1.1" 200 7741
[20/Jan/2025 08:28:43] "GET /pedigree/reports/ HTTP/1.1" 200 5503
[20/Jan/2025 08:28:45] "GET /admin/ HTTP/1.1" 200 7908
[20/Jan/2025 08:28:45] "GET /static/admin/css/dashboard.css HTTP/1.1" 304 0
[20/Jan/2025 08:28:45] "GET /static/admin/css/nav_sidebar.css HTTP/1.1" 304 0
[20/Jan/2025 08:28:45] "GET /static/admin/css/base.css HTTP/1.1" 304 0
[20/Jan/2025 08:28:45] "GET /static/admin/css/responsive.css HTTP/1.1" 304 0
[20/Jan/2025 08:28:45] "GET /static/admin/js/nav_sidebar.js HTTP/1.1" 304 0
[20/Jan/2025 08:28:45] "GET /static/admin/css/fonts.css HTTP/1.1" 304 0
[20/Jan/2025 08:28:45] "GET /static/admin/img/icon-changelink.svg HTTP/1.1" 304 0
[20/Jan/2025 08:28:45] "GET /static/admin/img/icon-addlink.svg HTTP/1.1" 304 0
[20/Jan/2025 08:28:45] "GET /static/admin/fonts/Roboto-Bold-webfont.woff HTTP/1.1" 304 0
[20/Jan/2025 08:28:45] "GET /static/admin/fonts/Roboto-Light-webfont.woff HTTP/1.1" 304 0
[20/Jan/2025 08:28:45] "GET /static/admin/fonts/Roboto-Regular-webfont.woff HTTP/1.1" 304 0
[20/Jan/2025 08:28:47] "GET / HTTP/1.1" 200 4017
[20/Jan/2025 08:28:48] "GET /pedigree/about/ HTTP/1.1" 200 5239
[20/Jan/2025 08:28:48] "GET /static/pedigree/img/IBI.jpg HTTP/1.1" 304 0
[20/Jan/2025 08:28:48] "GET /static/pedigree/img/Luc-Dossa.png HTTP/1.1" 304 0
[20/Jan/2025 08:28:49] "GET /static/pedigree/img/lucas.jpg HTTP/1.1" 304 0
[20/Jan/2025 08:28:58] "GET / HTTP/1.1" 200 4017
[20/Jan/2025 15:39:32] "GET / HTTP/1.1" 200 4017
[20/Jan/2025 15:39:33] "GET /static/pedigree/css/styles.css HTTP/1.1" 304 0
[20/Jan/2025 15:39:33] "GET /static/pedigree/img/database.png HTTP/1.1" 304 0
[20/Jan/2025 15:39:42] "GET /pedigree/goat-profiles/ HTTP/1.1" 200 7741
[20/Jan/2025 15:39:45] "GET /pedigree/pedigree-charts/ HTTP/1.1" 200 5575
[20/Jan/2025 15:39:49] "GET /pedigree/pedigree-charts/?goat_id=007 HTTP/1.1" 200 5849
[20/Jan/2025 15:39:51] "GET /pedigree/reports/ HTTP/1.1" 200 5503
[20/Jan/2025 15:40:00] "GET /admin/ HTTP/1.1" 200 7908
[20/Jan/2025 15:40:00] "GET /static/admin/css/base.css HTTP/1.1" 304 0
[20/Jan/2025 15:40:00] "GET /static/admin/css/nav_sidebar.css HTTP/1.1" 304 0
[20/Jan/2025 15:40:00] "GET /static/admin/css/dashboard.css HTTP/1.1" 304 0
[20/Jan/2025 15:40:00] "GET /static/admin/js/nav_sidebar.js HTTP/1.1" 304 0
[20/Jan/2025 15:40:00] "GET /static/admin/css/responsive.css HTTP/1.1" 304 0
[20/Jan/2025 15:40:00] "GET /static/admin/css/fonts.css HTTP/1.1" 304 0
[20/Jan/2025 15:40:00] "GET /static/admin/img/icon-changelink.svg HTTP/1.1" 304 0
[20/Jan/2025 15:40:00] "GET /static/admin/img/icon-addlink.svg HTTP/1.1" 304 0
[20/Jan/2025 15:40:00] "GET /static/admin/fonts/Roboto-Bold-webfont.woff HTTP/1.1" 304 0
[20/Jan/2025 15:40:00] "GET /static/admin/fonts/Roboto-Regular-webfont.woff HTTP/1.1" 304 0
[20/Jan/2025 15:40:00] "GET /static/admin/fonts/Roboto-Light-webfont.woff HTTP/1.1" 304 0
[20/Jan/2025 15:40:03] "GET / HTTP/1.1" 200 4017
[20/Jan/2025 15:40:05] "GET /pedigree/about/ HTTP/1.1" 200 5239
[20/Jan/2025 15:40:05] "GET /static/pedigree/img/Luc-Dossa.png HTTP/1.1" 304 0
[20/Jan/2025 15:40:05] "GET /static/pedigree/img/IBI.jpg HTTP/1.1" 304 0
[20/Jan/2025 15:40:05] "GET /static/pedigree/img/lucas.jpg HTTP/1.1" 304 0
[20/Jan/2025 15:40:17] "GET / HTTP/1.1" 200 4017
[21/Jan/2025 00:16:31] "GET / HTTP/1.1" 200 4017
[21/Jan/2025 00:16:31] "GET /static/pedigree/css/styles.css HTTP/1.1" 304 0
[21/Jan/2025 00:16:31] "GET /static/pedigree/img/logo.webp HTTP/1.1" 304 0
[21/Jan/2025 00:16:31] "GET /static/pedigree/img/database.png HTTP/1.1" 304 0
[21/Jan/2025 00:16:32] "GET /static/pedigree/favicon/site.webmanifest HTTP/1.1" 304 0
[21/Jan/2025 00:16:33] "GET /pedigree/goat-profiles/ HTTP/1.1" 200 7741
[21/Jan/2025 00:16:35] "GET /pedigree/pedigree-charts/ HTTP/1.1" 200 5575
[21/Jan/2025 00:16:40] "GET /pedigree/pedigree-charts/?goat_id=007 HTTP/1.1" 200 5849
[21/Jan/2025 00:16:48] "GET /pedigree/reports/ HTTP/1.1" 200 5503
[21/Jan/2025 00:16:53] "GET /pedigree/about/ HTTP/1.1" 200 5239
[21/Jan/2025 00:16:54] "GET /static/pedigree/img/IBI.jpg HTTP/1.1" 304 0
[21/Jan/2025 00:16:54] "GET /static/pedigree/img/Luc-Dossa.png HTTP/1.1" 304 0
[21/Jan/2025 00:16:54] "GET /static/pedigree/img/lucas.jpg HTTP/1.1" 304 0
[21/Jan/2025 00:17:07] "GET / HTTP/1.1" 200 4017
[21/Jan/2025 00:22:39] "GET / HTTP/1.1" 200 4017
[21/Jan/2025 00:22:40] "GET /pedigree/goat-profiles/ HTTP/1.1" 200 7741
[21/Jan/2025 04:48:56] "GET /pedigree/goat-profiles/ HTTP/1.1" 200 7741
[21/Jan/2025 04:48:56] "GET /static/pedigree/css/styles.css HTTP/1.1" 200 5577
[21/Jan/2025 04:48:56] "GET /static/pedigree/img/logo.webp HTTP/1.1" 200 139242
[21/Jan/2025 04:48:59] "GET /static/pedigree/favicon/site.webmanifest HTTP/1.1" 200 263
[21/Jan/2025 04:48:59] "GET / HTTP/1.1" 200 4017
[21/Jan/2025 04:49:00] "GET /static/pedigree/img/database.png HTTP/1.1" 200 54579
[21/Jan/2025 04:49:04] "GET /pedigree/goat-profiles/ HTTP/1.1" 200 7741
[21/Jan/2025 04:49:07] "GET /pedigree/pedigree-charts/ HTTP/1.1" 200 5575
[21/Jan/2025 04:49:11] "GET /pedigree/reports/ HTTP/1.1" 200 5503
[21/Jan/2025 04:49:16] "GET /pedigree/about/ HTTP/1.1" 200 5239
[21/Jan/2025 04:49:16] "GET /static/pedigree/img/Luc-Dossa.png HTTP/1.1" 200 32859
[21/Jan/2025 04:49:16] "GET /static/pedigree/img/IBI.jpg HTTP/1.1" 200 878626
[21/Jan/2025 04:49:17] "GET /static/pedigree/img/lucas.jpg HTTP/1.1" 200 2362749
[21/Jan/2025 04:49:28] "GET / HTTP/1.1" 200 4017
Not Found: /For
[21/Jan/2025 05:19:22] "GET /For HTTP/1.1" 404 2563
[21/Jan/2025 05:23:14] "GET / HTTP/1.1" 200 4017
[21/Jan/2025 05:23:14] "GET /static/pedigree/favicon/favicon-32x32.png HTTP/1.1" 200 2381
[21/Jan/2025 05:23:16] "GET / HTTP/1.1" 200 4017
[21/Jan/2025 05:23:18] "GET /pedigree/goat-profiles/ HTTP/1.1" 200 7741
[21/Jan/2025 05:23:20] "GET /pedigree/pedigree-charts/ HTTP/1.1" 200 5575
[21/Jan/2025 05:23:22] "GET /pedigree/reports/ HTTP/1.1" 200 5503
[21/Jan/2025 05:23:23] "GET /admin/ HTTP/1.1" 200 7908
[21/Jan/2025 05:23:23] "GET /static/admin/css/base.css HTTP/1.1" 200 19513
[21/Jan/2025 05:23:24] "GET /static/admin/css/nav_sidebar.css HTTP/1.1" 200 2271
[21/Jan/2025 05:23:24] "GET /static/admin/css/dashboard.css HTTP/1.1" 200 380
[21/Jan/2025 05:23:24] "GET /static/admin/css/responsive.css HTTP/1.1" 200 18545
[21/Jan/2025 05:23:24] "GET /static/admin/js/nav_sidebar.js HTTP/1.1" 200 1360
[21/Jan/2025 05:23:24] "GET /static/admin/css/fonts.css HTTP/1.1" 200 423
[21/Jan/2025 05:23:24] "GET /static/admin/img/icon-addlink.svg HTTP/1.1" 200 331
[21/Jan/2025 05:23:25] "GET /static/admin/img/icon-changelink.svg HTTP/1.1" 200 380
[21/Jan/2025 05:23:25] "GET /static/admin/fonts/Roboto-Light-webfont.woff HTTP/1.1" 200 85692
[21/Jan/2025 05:23:25] "GET /static/admin/fonts/Roboto-Bold-webfont.woff HTTP/1.1" 200 86184
[21/Jan/2025 05:23:25] "GET /static/admin/fonts/Roboto-Regular-webfont.woff HTTP/1.1" 200 85876
Not Found: /favicon.ico
[21/Jan/2025 05:23:26] "GET /favicon.ico HTTP/1.1" 404 2587
[21/Jan/2025 05:23:29] "GET / HTTP/1.1" 200 4017
Not Found: /For
[21/Jan/2025 05:29:49] "GET /For HTTP/1.1" 404 2563
[21/Jan/2025 05:45:36] "GET / HTTP/1.1" 200 4052
[21/Jan/2025 05:48:10] "GET /pedigree/pedigree-charts/ HTTP/1.1" 200 5575
[21/Jan/2025 05:48:23] "GET /pedigree/pedigree-charts/?goat_id=007 HTTP/1.1" 200 5849
[21/Jan/2025 05:48:33] "GET /pedigree/about/ HTTP/1.1" 200 5239
[21/Jan/2025 05:48:52] "GET /admin/ HTTP/1.1" 200 7908
[21/Jan/2025 05:49:03] "GET / HTTP/1.1" 200 4017
[21/Jan/2025 05:50:32] "GET / HTTP/1.1" 200 4017
[21/Jan/2025 05:50:35] "GET /pedigree/goat-profiles/ HTTP/1.1" 200 7741
[21/Jan/2025 05:50:40] "GET /pedigree/pedigree-charts/ HTTP/1.1" 200 5575
[21/Jan/2025 05:50:43] "GET /pedigree/pedigree-charts/?goat_id=007 HTTP/1.1" 200 5849
[21/Jan/2025 05:50:47] "GET /admin/ HTTP/1.1" 200 7908
[21/Jan/2025 05:50:50] "GET / HTTP/1.1" 200 4017
[21/Jan/2025 05:50:52] "GET /pedigree/about/ HTTP/1.1" 200 5239
[21/Jan/2025 05:50:57] "GET / HTTP/1.1" 200 4017
[21/Jan/2025 05:53:00] "GET /admin/ HTTP/1.1" 200 7908
[21/Jan/2025 05:53:01] "GET / HTTP/1.1" 200 4017
[21/Jan/2025 05:53:04] "GET /pedigree/about/ HTTP/1.1" 200 5239
[21/Jan/2025 05:53:15] "GET / HTTP/1.1" 200 4017
[21/Jan/2025 05:53:37] "GET /pedigree/reports/ HTTP/1.1" 200 5503
[21/Jan/2025 05:53:38] "GET /pedigree/pedigree-charts/ HTTP/1.1" 200 5575
[21/Jan/2025 05:53:42] "GET /pedigree/pedigree-charts/?goat_id=007 HTTP/1.1" 200 5849
[21/Jan/2025 05:54:03] "GET /admin/ HTTP/1.1" 200 7908
[21/Jan/2025 05:54:12] "GET / HTTP/1.1" 200 4017
